"../../../../../documents/EndlessRunnerPack/EndlessRunnerCreator/Content/EndlessRunnerCreator/SunRunner/MobileStarterContent/Audio/Collapse02.uasset" 0
"../../../../../documents/EndlessRunnerPack/EndlessRunnerCreator/Content/EndlessRunnerCreator/SunRunner/MobileStarterContent/Audio/Collapse01.uasset" 1
"../../../../../documents/EndlessRunnerPack/EndlessRunnerCreator/Content/EndlessRunnerCreator/SunRunner/MobileStarterContent/Audio/Collapse_Cue.uasset" 2
"../../Plugins/FX/Niagara/Content/DynamicInputs/ValueFromCurve/VectorFromCurve.uasset" 3
"../../../../../documents/EndlessRunnerPack/EndlessRunnerCreator/Content/EndlessRunnerCreator/SunRunner/Effects/Textures/TEX_Planet_Explosion.uasset" 4
"../../../Engine/Content/Functions/Engine_MaterialFunctions02/HueShift.uasset" 5
"../../../../../documents/EndlessRunnerPack/EndlessRunnerCreator/Content/EndlessRunnerCreator/SunRunner/Effects/Textures/TEX_Noise.uasset" 6
"../../../Engine/Content/Functions/Engine_MaterialFunctions02/Utility/AppendMany.uasset" 7
"../../../../../documents/EndlessRunnerPack/EndlessRunnerCreator/Content/EndlessRunnerCreator/SunRunner/Effects/Materials/MAT_Planet_Explosion_Circle.uasset" 8
"../../../../../documents/EndlessRunnerPack/EndlessRunnerCreator/Content/EndlessRunnerCreator/SunRunner/Effects/Meshes/MSH_Circle_Horizontal.uasset" 9
"../../Plugins/FX/Niagara/Content/Enums/ENiagaraSphereDistributionMode.uasset" 10
"../../Plugins/FX/Niagara/Content/Enums/ENiagaraRandomnessEvaluation.uasset" 11
"../../Plugins/FX/Niagara/Content/Enums/ENiagaraChannelCorrelation.uasset" 12
"../../Plugins/FX/Niagara/Content/Enums/ENiagara_UVFlippingMode.uasset" 13
"../../Plugins/FX/Niagara/Content/Enums/ENiagara_SpriteRotationMode.uasset" 14
"../../Plugins/FX/Niagara/Content/Enums/ENiagara_SizeScaleMode.uasset" 15
"../../Plugins/FX/Niagara/Content/Enums/ENiagara_PositionInitializationMode.uasset" 16
"../../Plugins/FX/Niagara/Content/Enums/ENiagara_MassInitializationMode.uasset" 17
"../../Plugins/FX/Niagara/Content/Enums/ENiagara_LifetimeMode.uasset" 18
"../../Plugins/FX/Niagara/Content/Enums/ENiagara_ColorInitializationMode.uasset" 19
"../../Plugins/FX/Niagara/Content/Modules/Update/Size/ScaleSpriteSize.uasset" 20
"../../Plugins/FX/Niagara/Content/Modules/Update/Material/DynamicMaterialParameters.uasset" 21
"../../Plugins/FX/Niagara/Content/Functions/Rotation/AxisAngleToQuaternion.uasset" 22
"../../Plugins/FX/Niagara/Content/Functions/Rotation/MultiplyQuaternion.uasset" 23
"../../Plugins/FX/Niagara/Content/Functions/DirectionAndLengthSafe.uasset" 24
"../../Plugins/FX/Niagara/Content/Modules/Solvers/ApplyRotationVector.uasset" 25
"../../Plugins/FX/Niagara/Content/Functions/Rotation/FindQuatBetween.uasset" 26
"../../Plugins/FX/Niagara/Content/Enums/ENiagaraCoordinateSpace.uasset" 27
"../../Plugins/FX/Niagara/Content/Functions/Localspace/TransformBase.uasset" 28
"../../Plugins/FX/Niagara/Content/Functions/Localspace/TransformVector.uasset" 29
"../../Plugins/FX/Niagara/Content/Enums/ENiagaraMeshTransforms.uasset" 30
"../../Plugins/FX/Niagara/Content/Modules/Spawn/Orientation/V3/InitialMeshOrientation.uasset" 31
"../../Plugins/FX/Niagara/Content/Enums/ENiagaraRandomnessMode.uasset" 32
"../../Plugins/FX/Niagara/Content/Functions/V2/CalculateRandomRange.uasset" 33
"../../Plugins/FX/Niagara/Content/Functions/V2/CalculateRandomPointInSphere.uasset" 34
"../../Plugins/FX/Niagara/Content/Functions/SphericalToCartesianCoordinates.uasset" 35
"../../Plugins/FX/Niagara/Content/Functions/Rotation/MultiplyVectorWithQuaternion.uasset" 36
"../../Plugins/FX/Niagara/Content/Enums/ENiagaraExpansionMode.uasset" 37
"../../Plugins/FX/Niagara/Content/Functions/Localspace/SimulationPosition.uasset" 38
"../../Plugins/FX/Niagara/Content/Modules/Spawn/Location/V2/SphereLocation.uasset" 39
"../../Plugins/FX/Niagara/Content/Functions/V2/CalculateRandomRangeFloat.uasset" 40
"../../Plugins/FX/Niagara/Content/Functions/V2/CalculateRandomRangeInteger.uasset" 41
"../../Plugins/FX/Niagara/Content/Functions/V2/CalculateRandomBool.uasset" 42
"../../Plugins/FX/Niagara/Content/Functions/LinearColor/HueShiftLinearColor.uasset" 43
"../../Plugins/FX/Niagara/Content/Modules/Spawn/Initialization/V2/InitializeParticle.uasset" 44
"../../Plugins/FX/Niagara/Content/DynamicInputs/ValueFromCurve/Vector2DFromCurve.uasset" 45
"../../Plugins/FX/Niagara/Content/DynamicInputs/UniformRange/V2/RandomRangeVector.uasset" 46
"../../Plugins/FX/Niagara/Content/DynamicInputs/UniformRange/V2/RandomRangeFloat.uasset" 47
"../../../../../documents/EndlessRunnerPack/EndlessRunnerCreator/Content/EndlessRunnerCreator/SunRunner/Effects/Textures/TEX_Glow_Particle_005.uasset" 48
"../../../../../documents/EndlessRunnerPack/EndlessRunnerCreator/Content/EndlessRunnerCreator/SunRunner/Effects/Materials/MAT_Glow_Particle.uasset" 49
"../../../../../documents/EndlessRunnerPack/EndlessRunnerCreator/Content/EndlessRunnerCreator/SunRunner/Effects/Materials/MAT_Fire_Circle_001.uasset" 50
"../../Plugins/FX/Niagara/Content/Functions/System/SystemChangeState.uasset" 51
"../../Plugins/FX/Niagara/Content/Enums/ENiagara_EmitterStateOptions.uasset" 52
"../../Plugins/FX/Niagara/Content/Enums/ENiagaraSystemInactiveMode.uasset" 53
"../../Plugins/FX/Niagara/Content/Modules/System/SystemState.uasset" 54
"../../Plugins/FX/Niagara/Content/Modules/Update/Color/Color.uasset" 55
"../../Plugins/FX/Niagara/Content/Modules/Spawn/Velocity/AddVelocity.uasset" 56
"../../Plugins/FX/Niagara/Content/Enums/ENiagaraEmitterScalabilityMode_Limited.uasset" 57
"../../Plugins/FX/Niagara/Content/Enums/ENiagaraEmitterLifeCycleMode.uasset" 58
"../../Plugins/FX/Niagara/Content/Enums/ENiagara_InfiniteLoopDuration.uasset" 59
"../../Plugins/FX/Niagara/Content/Modules/Update/Size/ScaleMeshSize.uasset" 60
"../../Plugins/FX/Niagara/Content/Modules/Update/Lifetime/ParticleState.uasset" 61
"../../Plugins/FX/Niagara/Content/Modules/Update/Forces/Drag.uasset" 62
"../../Plugins/FX/Niagara/Content/Functions/GetRandomInfo.uasset" 63
"../../Plugins/FX/Niagara/Content/Functions/RandomRangeFloat.uasset" 64
"../../Plugins/FX/Niagara/Content/Functions/RandomUnitVector.uasset" 65
"../../Plugins/FX/Niagara/Content/Functions/RandomVector.uasset" 66
"../../Plugins/FX/Niagara/Content/Functions/NormalizeDistanceRange.uasset" 67
"../../Plugins/FX/Niagara/Content/Functions/DistanceBasedFalloff.uasset" 68
"../../Plugins/FX/Niagara/Content/Modules/Spawn/Velocity/AddVelocityFromPoint.uasset" 69
"../../Plugins/FX/Niagara/Content/Modules/Solvers/SolveForcesAndVelocity.uasset" 70
"../../Plugins/FX/Niagara/Content/Modules/Emitter/SpawnBurst_Instantaneous.uasset" 71
"../../Plugins/FX/Niagara/Content/Functions/Emitter/EmitterChangeState.uasset" 72
"../../Plugins/FX/Niagara/Content/Enums/ENiagaraExecutionStateManagement.uasset" 73
"../../Plugins/FX/Niagara/Content/Enums/ENiagaraInactiveMode.uasset" 74
"../../Plugins/FX/Niagara/Content/Modules/Emitter/EmitterState.uasset" 75
"../../Plugins/FX/Niagara/Content/DynamicInputs/ValueFromCurve/FloatFromCurve.uasset" 76
"../../../../../documents/EndlessRunnerPack/EndlessRunnerCreator/Content/EndlessRunnerCreator/SunRunner/Effects/Particle_Systems/VFX_Player_Death.uasset" 77
"../../Plugins/FX/Niagara/Content/DefaultAssets/DefaultSpriteMaterial.uasset" 78
"../../../../../documents/EndlessRunnerPack/EndlessRunnerCreator/Content/EndlessRunnerCreator/SunRunner/Effects/Particle_Systems/Emitters/Empty.uasset" 79
"../../Plugins/FX/Niagara/Content/Enums/ENiagaraCurlNoiseQuality.uasset" 80
"../../Plugins/FX/Niagara/Content/VectorFields/Assets/TilingCurl64.uasset" 81
"../../Plugins/FX/Niagara/Content/VectorFields/Assets/TilingCurl16.uasset" 82
"../../Plugins/FX/Niagara/Content/Functions/V2/RemapRange.uasset" 83
"../../Plugins/FX/Niagara/Content/Functions/FindAngleBetweenVectors.uasset" 84
"../../Plugins/FX/Niagara/Content/Functions/V2/ConeMask.uasset" 85
"../../Plugins/FX/Niagara/Content/VectorFields/Assets/TilingCurl32.uasset" 86
"../../Plugins/FX/Niagara/Content/Modules/Update/Forces/V2/CurlNoiseForce.uasset" 87
"../../Plugins/FX/Niagara/Content/DynamicInputs/Helpers/SimulationPosition.uasset" 88
"../../Plugins/FX/Niagara/Content/Modules/Solvers/ApplyInitialForces.uasset" 89
"../../Plugins/FX/Niagara/Content/Modules/Spawn/Initialization/InitializeRibbon.uasset" 90
"../../Plugins/FX/Niagara/Content/Modules/Ribbons/ScaleRibbonWidth.uasset" 91
"../../../../../documents/EndlessRunnerPack/EndlessRunnerCreator/Content/EndlessRunnerCreator/SunRunner/Effects/Textures/TEX_Fire_003.uasset" 92
"../../../../../documents/EndlessRunnerPack/EndlessRunnerCreator/Content/EndlessRunnerCreator/SunRunner/Effects/Materials/MAT_Fire_Trail_002.uasset" 93
"../../Plugins/FX/Niagara/Content/Modules/Emitter/SpawnRate.uasset" 94
"../../../../../documents/EndlessRunnerPack/EndlessRunnerCreator/Content/EndlessRunnerCreator/SunRunner/Effects/Particle_Systems/Emitters/Fire_Trail.uasset" 95
"../../../../../documents/EndlessRunnerPack/EndlessRunnerCreator/Content/EndlessRunnerCreator/SunRunner/Effects/Particle_Systems/VFX_Fire_Trail.uasset" 96
"../../../../../documents/EndlessRunnerPack/EndlessRunnerCreator/Content/EndlessRunnerCreator/SunRunner/Effects/Textures/TEX_Normal_Pulse_001.uasset" 97
"../../../../../documents/EndlessRunnerPack/EndlessRunnerCreator/Content/EndlessRunnerCreator/SunRunner/Effects/Materials/Mat_Normal_Pulse_001.uasset" 98
"../../Plugins/FX/Niagara/Content/Modules/Update/Orientation/AlignSpriteToMeshOrientation.uasset" 99
"../../../../../documents/EndlessRunnerPack/EndlessRunnerCreator/Content/EndlessRunnerCreator/SunRunner/Effects/Textures/TEX_Circle_004.uasset" 100
"../../../../../documents/EndlessRunnerPack/EndlessRunnerCreator/Content/EndlessRunnerCreator/SunRunner/Effects/Materials/MAT_Glow_Circle.uasset" 101
"../../../../../documents/EndlessRunnerPack/EndlessRunnerCreator/Content/EndlessRunnerCreator/SunRunner/Effects/Particle_Systems/VFX_Coin_Magnet_Pick_Up.uasset" 102
"../../../../../documents/EndlessRunnerPack/EndlessRunnerCreator/Content/EndlessRunnerCreator/SunRunner/Effects/Textures/TEX_Horizontal_Band.uasset" 103
"../../../../../documents/EndlessRunnerPack/EndlessRunnerCreator/Content/EndlessRunnerCreator/SunRunner/Effects/Materials/MAT_Magnet.uasset" 104
"../../../../../documents/EndlessRunnerPack/EndlessRunnerCreator/Content/EndlessRunnerCreator/SunRunner/Effects/Meshes/MSH_Magnet.uasset" 105
"../../../../../documents/EndlessRunnerPack/EndlessRunnerCreator/Content/EndlessRunnerCreator/SunRunner/Effects/Particle_Systems/VFX_Coin_Magnet.uasset" 106
"../../../../../documents/EndlessRunnerPack/EndlessRunnerCreator/Content/EndlessRunnerCreator/CommonAssets/Audio/Ambience/CD_Ambience_Space_Loopable_01.uasset" 107
"../../../../../documents/EndlessRunnerPack/EndlessRunnerCreator/Content/EndlessRunnerCreator/CommonAssets/Blueprints/Enums/EMoveState.uasset" 108
"../../../../../documents/EndlessRunnerPack/EndlessRunnerCreator/Content/EndlessRunnerCreator/CommonAssets/Blueprints/Interfaces/BPI_Player.uasset" 109
"../../../../../documents/EndlessRunnerPack/EndlessRunnerCreator/Content/EndlessRunnerCreator/CommonAssets/Blueprints/Interfaces/BPI_Obstacle.uasset" 110
"../../../../../documents/EndlessRunnerPack/EndlessRunnerCreator/Content/EndlessRunnerCreator/CommonAssets/Textures/T_BillboardObstacle.uasset" 111
"../../../../../documents/EndlessRunnerPack/EndlessRunnerCreator/Content/EndlessRunnerCreator/CommonAssets/Textures/T_BillboardLevelSpawn.uasset" 112
"../../../../../documents/EndlessRunnerPack/EndlessRunnerCreator/Content/EndlessRunnerCreator/CommonAssets/Textures/T_BillboardLevelManager.uasset" 113
"../../../../../documents/EndlessRunnerPack/EndlessRunnerCreator/Content/EndlessRunnerCreator/CommonAssets/Textures/T_BillboardCoin.uasset" 114
"../../Plugins/FX/Niagara/Content/Modules/Update/Orientation/V3/UpdateMeshOrientation.uasset" 115
"../../Plugins/FX/Niagara/Content/Modules/Update/Orientation/SpriteRotationRate.uasset" 116
"../../Plugins/FX/Niagara/Content/DynamicInputs/UniformRange/V2/RandomRangeVector2D.uasset" 117
"../../../../../documents/EndlessRunnerPack/EndlessRunnerCreator/Content/EndlessRunnerCreator/SunRunner/Effects/Particle_Systems/Emitters/Invisible_Burst_Distortion.uasset" 118
"../../Plugins/FX/Niagara/Content/Enums/ENiagaraScaleColorMode.uasset" 119
"../../Plugins/FX/Niagara/Content/Modules/Update/Color/ScaleColor.uasset" 120
"../../../../../documents/EndlessRunnerPack/EndlessRunnerCreator/Content/EndlessRunnerCreator/SunRunner/Effects/Particle_Systems/Emitters/Blue_Circle_Burst.uasset" 121
"../../../../../documents/EndlessRunnerPack/EndlessRunnerCreator/Content/EndlessRunnerCreator/SunRunner/Effects/Particle_Systems/VFX_Blue_Dash_Burst.uasset" 122
"../../../Engine/Content/EngineMaterials/T_Default_Material_Grid_N.uasset" 123
"../../../Engine/Content/EngineMaterials/T_Default_Material_Grid_M.uasset" 124
"../../../Engine/Content/Functions/Engine_MaterialFunctions01/Opacity/CameraDepthFade.uasset" 125
"../../../Engine/Content/EngineMaterials/WorldGridMaterial.uasset" 126
"../../../../../documents/EndlessRunnerPack/EndlessRunnerCreator/Content/EndlessRunnerCreator/SunRunner/Effects/Meshes/MSH_Dash_002.uasset" 127
"../../../../../documents/EndlessRunnerPack/EndlessRunnerCreator/Content/EndlessRunnerCreator/SunRunner/Effects/Textures/TEX_Dash_Burst_001.uasset" 128
"../../../../../documents/EndlessRunnerPack/EndlessRunnerCreator/Content/EndlessRunnerCreator/SunRunner/Effects/Materials/MAT_Dash_Burst_001.uasset" 129
"../../../../../documents/EndlessRunnerPack/EndlessRunnerCreator/Content/EndlessRunnerCreator/SunRunner/Effects/Meshes/MSH_Dash_Burst_001.uasset" 130
"../../../../../documents/EndlessRunnerPack/EndlessRunnerCreator/Content/EndlessRunnerCreator/SunRunner/Effects/Materials/MAT_Dash_Burst.uasset" 131
"../../Plugins/FX/Niagara/Content/DynamicInputs/ValueFromCurve/ColorFromCurve.uasset" 132
"../../../../../documents/EndlessRunnerPack/EndlessRunnerCreator/Content/EndlessRunnerCreator/SunRunner/Effects/Particle_Systems/VFX_Blue_Dash.uasset" 133
"../../../../../documents/EndlessRunnerPack/EndlessRunnerCreator/Content/EndlessRunnerCreator/CommonAssets/Blueprints/CameraShake/BP_CameraShakeDash.uasset" 134
"../../../../../documents/EndlessRunnerPack/EndlessRunnerCreator/Content/EndlessRunnerCreator/CommonAssets/Audio/CD_SFX_PowerUp_Shield_On_01.uasset" 135
"../../../Engine/Content/Animation/DefaultAnimCurveCompressionSettings.uasset" 136
"../../../../../documents/EndlessRunnerPack/EndlessRunnerCreator/Content/EndlessRunnerCreator/SunRunner/CometModel/WholeComet-Anim_Skeleton.uasset" 137
"../../../Engine/Content/Animation/DefaultAnimBoneCompressionSettings.uasset" 138
"../../../../../documents/EndlessRunnerPack/EndlessRunnerCreator/Content/EndlessRunnerCreator/SunRunner/CometModel/WholeComet-Anim_Anim_Comet_Whole_Mesh_HPAction.uasset" 139
"../../../../../documents/EndlessRunnerPack/EndlessRunnerCreator/Content/EndlessRunnerCreator/SunRunner/CometModel/WholeComet-Anim_PhysicsAsset.uasset" 140
"../../../../../documents/EndlessRunnerPack/EndlessRunnerCreator/Content/EndlessRunnerCreator/SunRunner/CometModel/CometTextures/Comet_Mat_Roughness.uasset" 141
"../../../../../documents/EndlessRunnerPack/EndlessRunnerCreator/Content/EndlessRunnerCreator/SunRunner/CometModel/CometTextures/Comet_Mat_Normal.uasset" 142
"../../../../../documents/EndlessRunnerPack/EndlessRunnerCreator/Content/EndlessRunnerCreator/SunRunner/CometModel/CometTextures/Comet_Mat_Base_Color.uasset" 143
"../../../../../documents/EndlessRunnerPack/EndlessRunnerCreator/Content/EndlessRunnerCreator/SunRunner/CometModel/Comet_Mat.uasset" 144
"../../../../../documents/EndlessRunnerPack/EndlessRunnerCreator/Content/EndlessRunnerCreator/SunRunner/CometModel/WholeComet-Anim.uasset" 145
"../../../../../documents/EndlessRunnerPack/EndlessRunnerCreator/Content/EndlessRunnerCreator/SunRunner/Path_Export_New/MSH_Path.uasset" 146
"../../../../../documents/EndlessRunnerPack/EndlessRunnerCreator/Content/EndlessRunnerCreator/CommonAssets/Textures/T_GridEmissive.uasset" 147
"../../../../../documents/EndlessRunnerPack/EndlessRunnerCreator/Content/EndlessRunnerCreator/CommonAssets/Textures/T_Grid.uasset" 148
"../../../../../documents/EndlessRunnerPack/EndlessRunnerCreator/Content/EndlessRunnerCreator/CommonAssets/Materials/M_GridTexture.uasset" 149
"../../../../../documents/EndlessRunnerPack/EndlessRunnerCreator/Content/EndlessRunnerCreator/CommonAssets/Materials/M_GridTexture_Inst.uasset" 150
"../../../../../documents/EndlessRunnerPack/EndlessRunnerCreator/Content/EndlessRunnerCreator/SunRunner/Meshes/SM_GrassSunRunner.uasset" 151
"../../../../../documents/EndlessRunnerPack/EndlessRunnerCreator/Content/EndlessRunnerCreator/SunRunner/Path_Export/Tex/TEX_Gradient.uasset" 152
"../../../../../documents/EndlessRunnerPack/EndlessRunnerCreator/Content/EndlessRunnerCreator/SunRunner/Path_Export/Tex/TEX_StarMask.uasset" 153
"../../../../../documents/EndlessRunnerPack/EndlessRunnerCreator/Content/EndlessRunnerCreator/SunRunner/Path_Export/Mat/M_Path.uasset" 154
"../../../../../documents/EndlessRunnerPack/EndlessRunnerCreator/Content/EndlessRunnerCreator/SunRunner/Path_Export/Mat/MI_Path.uasset" 155
"../../../../../documents/EndlessRunnerPack/EndlessRunnerCreator/Content/EndlessRunnerCreator/CommonAssets/Blueprints/UI/UI_Graphics/TEX_ProgressBar.uasset" 156
"../../../Engine/Content/Functions/Engine_MaterialFunctions02/Utility/VectorToRadialValue.uasset" 157
"../../../Engine/Content/Functions/Engine_MaterialFunctions02/Texturing/CustomRotator.uasset" 158
"../../../../../documents/EndlessRunnerPack/EndlessRunnerCreator/Content/EndlessRunnerCreator/CommonAssets/Blueprints/UI/UI_Graphics/MAT_ProgressBar.uasset" 159
"../../../../../documents/EndlessRunnerPack/EndlessRunnerCreator/Content/EndlessRunnerCreator/CommonAssets/Blueprints/UI/UI_Graphics/7_-_white.uasset" 160
"../../../../../documents/EndlessRunnerPack/EndlessRunnerCreator/Content/EndlessRunnerCreator/CommonAssets/Blueprints/UI/UI_Graphics/7.uasset" 161
"../../../../../documents/EndlessRunnerPack/EndlessRunnerCreator/Content/EndlessRunnerCreator/CommonAssets/Blueprints/UI/UI_Graphics/6_-_white.uasset" 162
"../../../../../documents/EndlessRunnerPack/EndlessRunnerCreator/Content/EndlessRunnerCreator/CommonAssets/Blueprints/UI/UI_Graphics/6.uasset" 163
"../../../../../documents/EndlessRunnerPack/EndlessRunnerCreator/Content/EndlessRunnerCreator/CommonAssets/Blueprints/UI/UI_Graphics/5_-_white.uasset" 164
"../../../../../documents/EndlessRunnerPack/EndlessRunnerCreator/Content/EndlessRunnerCreator/CommonAssets/Blueprints/UI/UI_Graphics/5.uasset" 165
"../../../../../documents/EndlessRunnerPack/EndlessRunnerCreator/Content/EndlessRunnerCreator/CommonAssets/Blueprints/UI/UI_Graphics/4_-_white.uasset" 166
"../../../../../documents/EndlessRunnerPack/EndlessRunnerCreator/Content/EndlessRunnerCreator/CommonAssets/Blueprints/UI/UI_Graphics/4.uasset" 167
"../../../../../documents/EndlessRunnerPack/EndlessRunnerCreator/Content/EndlessRunnerCreator/CommonAssets/Blueprints/UI/UI_Graphics/3_-_white.uasset" 168
"../../../../../documents/EndlessRunnerPack/EndlessRunnerCreator/Content/EndlessRunnerCreator/CommonAssets/Blueprints/UI/UI_Graphics/3.uasset" 169
"../../../../../documents/EndlessRunnerPack/EndlessRunnerCreator/Content/EndlessRunnerCreator/CommonAssets/Blueprints/UI/UI_Graphics/2_-_white.uasset" 170
"../../../../../documents/EndlessRunnerPack/EndlessRunnerCreator/Content/EndlessRunnerCreator/CommonAssets/Blueprints/UI/UI_Graphics/2.uasset" 171
"../../../../../documents/EndlessRunnerPack/EndlessRunnerCreator/Content/EndlessRunnerCreator/CommonAssets/Blueprints/UI/UI_Graphics/1__1_.uasset" 172
"../../../../../documents/EndlessRunnerPack/EndlessRunnerCreator/Content/EndlessRunnerCreator/CommonAssets/Blueprints/UI/UI_Graphics/1_-_white.uasset" 173
"../../../../../documents/EndlessRunnerPack/EndlessRunnerCreator/Content/EndlessRunnerCreator/CommonAssets/Textures/T_Pause.uasset" 174
"../../../../../documents/EndlessRunnerPack/EndlessRunnerCreator/Content/EndlessRunnerCreator/CommonAssets/Textures/DashButton.uasset" 175
"../../../../../documents/EndlessRunnerPack/EndlessRunnerCreator/Content/EndlessRunnerCreator/CommonAssets/Textures/T_Button.uasset" 176
"../../../../../documents/EndlessRunnerPack/EndlessRunnerCreator/Content/EndlessRunnerCreator/CommonAssets/Fonts/Noir_regular.uasset" 177
"../../../../../documents/EndlessRunnerPack/EndlessRunnerCreator/Content/EndlessRunnerCreator/CommonAssets/Fonts/Noir_regular_Font.uasset" 178
"../../../../../documents/EndlessRunnerPack/EndlessRunnerCreator/Content/EndlessRunnerCreator/CommonAssets/Audio/Hover_Audio.uasset" 179
"../../../../../documents/EndlessRunnerPack/EndlessRunnerCreator/Content/EndlessRunnerCreator/CommonAssets/Audio/Hover_Cue_Audio.uasset" 180
"../../../../../documents/EndlessRunnerPack/EndlessRunnerCreator/Content/EndlessRunnerCreator/CommonAssets/Audio/Click_Audio.uasset" 181
"../../../../../documents/EndlessRunnerPack/EndlessRunnerCreator/Content/EndlessRunnerCreator/CommonAssets/Audio/Click_Cue_Audio.uasset" 182
"../../../../../documents/EndlessRunnerPack/EndlessRunnerCreator/Content/EndlessRunnerCreator/CommonAssets/Fonts/HemiHeadUE4.uasset" 183
"../../../../../documents/EndlessRunnerPack/EndlessRunnerCreator/Content/EndlessRunnerCreator/CommonAssets/Fonts/HemiHead.uasset" 184
"../../../../../documents/EndlessRunnerPack/EndlessRunnerCreator/Content/EndlessRunnerCreator/CommonAssets/Blueprints/UI/WBP_ButtonText.uasset" 185
"../../../../../documents/EndlessRunnerPack/EndlessRunnerCreator/Content/EndlessRunnerCreator/CommonAssets/Blueprints/UI/WBP_ButtonImage.uasset" 186
"../../../../../documents/EndlessRunnerPack/EndlessRunnerCreator/Content/EndlessRunnerCreator/CommonAssets/Blueprints/Structs/SGameTypeHints.uasset" 187
"../../../../../documents/EndlessRunnerPack/EndlessRunnerCreator/Content/EndlessRunnerCreator/CommonAssets/Blueprints/Enums/EGameType.uasset" 188
"../../../../../documents/EndlessRunnerPack/EndlessRunnerCreator/Content/EndlessRunnerCreator/CommonAssets/Blueprints/Enums/EPlatform.uasset" 189
"../../../../../documents/EndlessRunnerPack/EndlessRunnerCreator/Content/EndlessRunnerCreator/CommonAssets/Blueprints/UI/WBP_ControlsHint.uasset" 190
"../../../../../documents/EndlessRunnerPack/EndlessRunnerCreator/Content/EndlessRunnerCreator/CommonAssets/Blueprints/Enums/ESpawnerTypes.uasset" 191
"../../../../../documents/EndlessRunnerPack/EndlessRunnerCreator/Content/EndlessRunnerCreator/CommonAssets/Blueprints/Structs/SGameTypeUIColours.uasset" 192
"../../../../../documents/EndlessRunnerPack/EndlessRunnerCreator/Content/EndlessRunnerCreator/CommonAssets/Blueprints/Structs/SColours.uasset" 193
"../../../../../documents/EndlessRunnerPack/EndlessRunnerCreator/Content/EndlessRunnerCreator/CommonAssets/Blueprints/Structs/SColourSchemeColours.uasset" 194
"../../../../../documents/EndlessRunnerPack/EndlessRunnerCreator/Content/EndlessRunnerCreator/CommonAssets/Blueprints/Enums/EColourScheme.uasset" 195
"../../../../../documents/EndlessRunnerPack/EndlessRunnerCreator/Content/EndlessRunnerCreator/CommonAssets/Blueprints/Enums/ESpawnedObjectType.uasset" 196
"../../../Engine/Content/EditorBlueprintResources/StandardMacros.uasset" 197
"../../../../../documents/EndlessRunnerPack/EndlessRunnerCreator/Content/EndlessRunnerCreator/CommonAssets/Blueprints/FunctionLibraries/BPFL_Messages.uasset" 198
"../../../../../documents/EndlessRunnerPack/EndlessRunnerCreator/Content/EndlessRunnerCreator/CommonAssets/Blueprints/FunctionLibraries/BPFL_Generic.uasset" 199
"../../../../../documents/EndlessRunnerPack/EndlessRunnerCreator/Content/EndlessRunnerCreator/CommonAssets/Blueprints/Spawning/BP_SpawnerLevelPieceBase.uasset" 200
"../../../../../documents/EndlessRunnerPack/EndlessRunnerCreator/Content/EndlessRunnerCreator/CommonAssets/Blueprints/Interfaces/BPI_Spawner.uasset" 201
"../../../../../documents/EndlessRunnerPack/EndlessRunnerCreator/Content/EndlessRunnerCreator/CommonAssets/Blueprints/Enums/EGameState.uasset" 202
"../../../../../documents/EndlessRunnerPack/EndlessRunnerCreator/Content/EndlessRunnerCreator/CommonAssets/Blueprints/Game/BP_LevelManagerBase.uasset" 203
"../../../../../documents/EndlessRunnerPack/EndlessRunnerCreator/Content/EndlessRunnerCreator/CommonAssets/Blueprints/UI/WBP_HUDBase.uasset" 204
"../../../../../documents/EndlessRunnerPack/EndlessRunnerCreator/Content/EndlessRunnerCreator/CommonAssets/Blueprints/Interfaces/BPI_GameMode.uasset" 205
"../../../../../documents/EndlessRunnerPack/EndlessRunnerCreator/Content/EndlessRunnerCreator/CommonAssets/Blueprints/Spawning/BP_SpawnableBase.uasset" 206
"../../../../../documents/EndlessRunnerPack/EndlessRunnerCreator/Content/EndlessRunnerCreator/SunRunner/Blueprints/BP_LevelPieceSunRunner.uasset" 207
"../../../../../documents/EndlessRunnerPack/EndlessRunnerCreator/Content/EndlessRunnerCreator/CommonAssets/Blueprints/Enums/ETouchDetails.uasset" 208
"../../../../../documents/EndlessRunnerPack/EndlessRunnerCreator/Content/EndlessRunnerCreator/CommonAssets/Blueprints/FunctionLibraries/BPFL_Touch.uasset" 209
"../../../../../documents/EndlessRunnerPack/EndlessRunnerCreator/Content/EndlessRunnerCreator/SunRunner/Blueprints/BP_PlayerSunRunner.uasset" 210
"../../../../../documents/EndlessRunnerPack/EndlessRunnerCreator/Content/EndlessRunnerCreator/CommonAssets/Blueprints/Spawning/BP_SpawnerBase.uasset" 211
"../../../../../documents/EndlessRunnerPack/EndlessRunnerCreator/Content/EndlessRunnerCreator/CommonAssets/Blueprints/Interfaces/BPI_PoolableObject.uasset" 212
"../../../../../documents/EndlessRunnerPack/EndlessRunnerCreator/Content/EndlessRunnerCreator/CommonAssets/Blueprints/CameraShake/BP_CameraShakeHit.uasset" 213
"../../../../../documents/EndlessRunnerPack/EndlessRunnerCreator/Content/EndlessRunnerCreator/CommonAssets/Blueprints/Game/BP_PlayerBase.uasset" 214
"../../../../../documents/EndlessRunnerPack/EndlessRunnerCreator/Content/EndlessRunnerCreator/CommonAssets/Blueprints/Interfaces/BPI_GameInstance.uasset" 215
"../../../../../documents/EndlessRunnerPack/EndlessRunnerCreator/Content/EndlessRunnerCreator/CommonAssets/Blueprints/Game/BP_GameinstanceBase.uasset" 216
"../../../Engine/Content/ArtTools/RenderToTexture/Meshes/S_1_Unit_Plane.uasset" 217
"../../../Engine/Content/EngineMaterials/DefaultMaterial.uasset" 218
"../../../Engine/Content/BasicShapes/Cone.uasset" 219
"../../../Engine/Content/BasicShapes/Cube.uasset" 220
"../../../Engine/Content/BasicShapes/Plane.uasset" 221
"../../../Engine/Content/BasicShapes/Sphere.uasset" 222
"../../../Engine/Content/EditorLandscapeResources/DataLayer.uasset" 223
"../../../Engine/Content/EditorLandscapeResources/DefaultAlphaTexture.uasset" 224
"../../../Engine/Content/EditorMaterials/MAT_Groups_Toggle.uasset" 225
"../../../Engine/Content/EditorMaterials/MAT_Groups_Visibility.uasset" 226
"../../../Engine/Content/EditorMaterials/PreviewShadowIndicator.uasset" 227
"../../../Engine/Content/EditorMaterials/PreviewShadowIndicatorMaterial.uasset" 228
"../../../Engine/Content/EditorMaterials/MatineeGroups/MAT_ColorTrack.uasset" 229
"../../../Engine/Content/EditorMaterials/MatineeGroups/MAT_Groups_Anim.uasset" 230
"../../../Engine/Content/EditorMaterials/MatineeGroups/MAT_Groups_AudioMaster.uasset" 231
"../../../Engine/Content/EditorMaterials/MatineeGroups/MAT_Groups_Director.uasset" 232
"../../../Engine/Content/EditorMaterials/MatineeGroups/MAT_Groups_Event.uasset" 233
"../../../Engine/Content/EditorMaterials/MatineeGroups/MAT_Groups_Fade.uasset" 234
"../../../Engine/Content/EditorMaterials/MatineeGroups/MAT_Groups_Float.uasset" 235
"../../../Engine/Content/EditorMaterials/MatineeGroups/MAT_Groups_Move.uasset" 236
"../../../Engine/Content/EditorMaterials/MatineeGroups/MAT_Groups_Slomo.uasset" 237
"../../../Engine/Content/EditorMaterials/MatineeGroups/MAT_Groups_Sound.uasset" 238
"../../../Engine/Content/EditorMaterials/MatineeGroups/MAT_Groups_Vector.uasset" 239
"../../../Engine/Content/EditorMaterials/ParticleSystems/PSysThumbnail_NoImage.uasset" 240
"../../../Engine/Content/EditorMaterials/ParticleSystems/PSysThumbnail_OOD.uasset" 241
"../../../Engine/Content/EditorMaterials/Camera/CineMat.uasset" 242
"../../../Engine/Content/EditorMaterials/Camera/MI_CineMat_Rig.uasset" 243
"../../../Engine/Content/EditorMeshes/Camera/SM_CraneRig_Arm.uasset" 244
"../../../Engine/Content/EditorMeshes/Camera/SM_CraneRig_Base.uasset" 245
"../../../Engine/Content/EditorMeshes/Camera/SM_CraneRig_Body.uasset" 246
"../../../Engine/Content/EditorMeshes/Camera/SM_CraneRig_Mount.uasset" 247
"../../../Engine/Content/EditorMeshes/Camera/SM_RailRig_Mount.uasset" 248
"../../../Engine/Content/EditorMeshes/Camera/SM_RailRig_Track.uasset" 249
"../../../Engine/Content/EditorResources/BSPVertex.uasset" 250
"../../../Engine/Content/EditorResources/EmptyActor.uasset" 251
"../../../Engine/Content/EditorResources/S_Actor.uasset" 252
"../../../Engine/Content/EditorResources/S_Note.uasset" 253
"../../../Engine/Content/EditorResources/S_Solver.uasset" 254
"../../../Engine/Content/EditorResources/S_Terrain.uasset" 255
"../../../Engine/Content/EditorResources/S_Trigger.uasset" 256
"../../../Engine/Content/EditorResources/SequenceRecorder/Countdown.uasset" 257
"../../../Engine/Content/EditorResources/SequenceRecorder/RecordingIndicator.uasset" 258
"../../../Engine/Content/EngineDamageTypes/DmgTypeBP_Environmental.uasset" 259
"../../../Engine/Content/EngineDebugMaterials/DebugEditorMaterial.uasset" 260
"../../../Engine/Content/EngineDebugMaterials/DebugMeshMaterial.uasset" 261
"../../../Engine/Content/EngineDebugMaterials/M_SimpleUnlitTranslucent.uasset" 262
"../../../Engine/Content/EngineDebugMaterials/VolumeToRender.uasset" 263
"../../../Engine/Content/Functions/Engine_MaterialFunctions02/Utility/CameraDirectionVector.uasset" 264
"../../../Engine/Content/EngineDebugMaterials/M_VolumeRenderSphereTracePP.uasset" 265
"../../../Engine/Content/Functions/Engine_MaterialFunctions01/Shading/ConvertFromDiffSpec.uasset" 266
"../../../Engine/Content/EngineDebugMaterials/VertexColorMaterial.uasset" 267
"../../../Engine/Content/EngineDebugMaterials/WireframeMaterial.uasset" 268
"../../../Engine/Content/EngineFonts/Faces/RobotoRegular.uasset" 269
"../../../Engine/Content/EngineFonts/Faces/RobotoLight.uasset" 270
"../../../Engine/Content/EngineFonts/Faces/RobotoItalic.uasset" 271
"../../../Engine/Content/EngineFonts/Faces/RobotoBoldItalic.uasset" 272
"../../../Engine/Content/EngineFonts/Faces/RobotoBold.uasset" 273
"../../../Engine/Content/EngineFonts/Faces/DroidSansFallback.uasset" 274
"../../../Engine/Content/EngineFonts/Roboto.uasset" 275
"../../../Engine/Content/EngineMaterials/BaseFlattenNormalMap.uasset" 276
"../../../Engine/Content/EngineMaterials/BaseFlattenGrayscaleMap.uasset" 277
"../../../Engine/Content/EngineMaterials/BaseFlattenEmissiveMap.uasset" 278
"../../../Engine/Content/EngineMaterials/BaseFlattenDiffuseMap.uasset" 279
"../../../Engine/Content/EngineMaterials/BaseFlattenMaterial.uasset" 280
"../../../Engine/Content/EngineMaterials/BlueNoise.uasset" 281
"../../../Engine/Content/EngineMaterials/DefaultBloomKernel.uasset" 282
"../../../Engine/Content/EngineMaterials/DefaultBokeh.uasset" 283
"../../../Engine/Content/EngineMaterials/DefaultDiffuse.uasset" 284
"../../../Engine/Content/EngineMaterials/DefaultDeferredDecalMaterial.uasset" 285
"../../../Engine/Content/EngineMaterials/DefaultLightFunctionMaterial.uasset" 286
"../../../Engine/Content/EngineMaterials/DefaultPhysicalMaterial.uasset" 287
"../../../Engine/Content/Functions/Engine_MaterialFunctions02/Utility/BreakOutFloat2Components.uasset" 288
"../../../Engine/Content/EngineMaterials/DefaultPostProcessMaterial.uasset" 289
"../../../Engine/Content/EngineFonts/RobotoDistanceField.uasset" 290
"../../../Engine/Content/EngineMaterials/DefaultTextMaterialOpaque.uasset" 291
"../../../Engine/Content/EngineMaterials/DefaultWhiteGrid.uasset" 292
"../../../Engine/Content/EngineMaterials/DefaultWhiteGrid_Low.uasset" 293
"../../../Engine/Content/EngineMaterials/EmissiveMeshMaterial.uasset" 294
"../../../Engine/Content/EngineMaterials/GizmoMaterial.uasset" 295
"../../../Engine/Content/EngineMaterials/Good64x64TilingNoiseHighFreq.uasset" 296
"../../../Engine/Content/EngineMaterials/MiniFont.uasset" 297
"../../../Engine/Content/EngineMaterials/InvalidLightmapSettings.uasset" 298
"../../../Engine/Content/EngineMaterials/M_InvalidLightmapSettings.uasset" 299
"../../../Engine/Content/Functions/Engine_MaterialFunctions02/WorldPositionOffset/CameraOffset.uasset" 300
"../../../Engine/Content/EngineMaterials/PhAT_JointLimitMaterial.uasset" 301
"../../../Engine/Content/EngineMaterials/PreintegratedSkinBRDF.uasset" 302
"../../../Engine/Content/EngineMaterials/RemoveSurfaceMaterial.uasset" 303
"../../../Engine/Content/EngineMaterials/WeightMapPlaceholderTexture.uasset" 304
"../../../Engine/Content/EngineResources/WhiteSquareTexture.uasset" 305
"../../../Engine/Content/EngineMaterials/Widget3DPassThrough.uasset" 306
"../../../Engine/Content/EngineMaterials/Widget3DPassThrough_Masked.uasset" 307
"../../../Engine/Content/EngineMaterials/Widget3DPassThrough_Opaque.uasset" 308
"../../../Engine/Content/EngineMaterials/Widget3DPassThrough_Masked_OneSided.uasset" 309
"../../../Engine/Content/EngineMaterials/Widget3DPassThrough_Opaque_OneSided.uasset" 310
"../../../Engine/Content/EngineMaterials/Widget3DPassThrough_Translucent.uasset" 311
"../../../Engine/Content/EngineMaterials/Widget3DPassThrough_Translucent_OneSided.uasset" 312
"../../../Engine/Content/EngineMeshes/Cylinder.uasset" 313
"../../../Engine/Content/EngineMeshes/Sphere.uasset" 314
"../../../Engine/Content/EngineResources/Black.uasset" 315
"../../../Engine/Content/EngineResources/DefaultTextureCube.uasset" 316
"../../../Engine/Content/EngineResources/DefaultVolumeTexture2D.uasset" 317
"../../../Engine/Content/EngineResources/DefaultVolumeTexture.uasset" 318
"../../../Engine/Content/EngineResources/GradientTexture0.uasset" 319
"../../../Engine/Content/EngineSky/VolumetricClouds/T_NoiseShape64.uasset" 320
"../../../Engine/Content/EngineSky/VolumetricClouds/T_VolumeNoiseShape64.uasset" 321
"../../../Engine/Content/EngineSky/VolumetricClouds/T_NoiseErosion.uasset" 322
"../../../Engine/Content/EngineSky/VolumetricClouds/T_VolumeNoiseErosion32.uasset" 323
"../../../Engine/Content/EngineSky/VolumetricClouds/CloudWeatherTexture.uasset" 324
"../../../Engine/Content/EngineSky/VolumetricClouds/CloudGradientTexture.uasset" 325
"../../../Engine/Content/Functions/Engine_MaterialFunctions02/Utility/MakeFloat2.uasset" 326
"../../../Engine/Content/EngineSky/VolumetricClouds/m_SimpleVolumetricCloud.uasset" 327
"../../../Engine/Content/EngineSky/VolumetricClouds/m_SimpleVolumetricCloud_Inst.uasset" 328
"../../../Engine/Content/EngineSounds/Master.uasset" 329
"../../../Engine/Content/Functions/Engine_MaterialFunctions01/Shading/PowerToRoughness.uasset" 330
"../../../Engine/Content/Maps/Templates/Thumbnails/Default.uasset" 331
"../../../Engine/Content/Maps/Templates/Thumbnails/TimeOfDay.uasset" 332
"../../../Engine/Content/Maps/Templates/Thumbnails/VR-Basic.uasset" 333
"../../../Engine/Content/MobileResources/T_MobileControls_texture.uasset" 334
"../../../Engine/Content/MobileResources/T_MobileMenu2.uasset" 335
"../../../Engine/Content/MobileResources/HUD/AnalogHat.uasset" 336
"../../../Engine/Content/MobileResources/HUD/VirtualJoystick_Thumb.uasset" 337
"../../../Engine/Content/MobileResources/HUD/VirtualJoystick_Background.uasset" 338
"../../../Engine/Content/MobileResources/HUD/DefaultVirtualJoysticks.uasset" 339
"../../../Engine/Content/MobileResources/HUD/LeftVirtualJoystickOnly.uasset" 340
"../../../Engine/Content/MobileResources/HUD/MobileHUDButton1_off.uasset" 341
"../../../Engine/Content/MobileResources/HUD/MobileHUDButton1_on.uasset" 342
"../../../Engine/Content/MobileResources/HUD/MobileHUDButton2_off.uasset" 343
"../../../Engine/Content/MobileResources/HUD/MobileHUDButton2_on.uasset" 344
"../../../Engine/Content/MobileResources/HUD/MobileHUDButton3.uasset" 345
"../../../Engine/Content/MobileResources/HUD/MobileHUDButtonFire.uasset" 346
"../../../Engine/Content/MobileResources/HUD/MobileHUDDirectionPad.uasset" 347
"../../../Engine/Content/MobileResources/HUD/MobileHUDDirectionPad2.uasset" 348
"../../../Engine/Content/MobileResources/HUD/MobileHUDDirectionPad3.uasset" 349
"../../../Engine/Content/MobileResources/HUD/MobileHUDDirectionStick.uasset" 350
"../../../Engine/Content/MobileResources/HUD/T_Castle_ThumbstickInner.uasset" 351
"../../../Engine/Content/MobileResources/HUD/T_Castle_ThumbstickOutter.uasset" 352
"../../../Engine/Content/Tutorial/ContentIntroCurve.uasset" 353
"../../../Engine/Content/Tutorial/Basics/LevelEditorAttract.uasset" 354
"../../../Engine/Content/Tutorial/Installation/InstallingVisualStudioTutorial.uasset" 355
"../../../Engine/Content/VREditor/TransformGizmo/TranslucentTransformGizmoMaterial.uasset" 356
"../../../Engine/Content/VREditor/LaserPointer/VR_LaserPower_01.uasset" 357
"../../../Engine/Content/VREditor/TransformGizmo/TransformGizmoMaterial.uasset" 358
"../../../Engine/Content/VREditor/TransformGizmo/BoundingBoxCorner.uasset" 359
"../../../Engine/Content/VREditor/TransformGizmo/BoundingBoxEdge.uasset" 360
"../../../Engine/Content/VREditor/TransformGizmo/PlaneTranslationHandle.uasset" 361
"../../../Engine/Content/VREditor/TransformGizmo/Xray.uasset" 362
"../../../Engine/Content/VREditor/TransformGizmo/Main.uasset" 363
"../../../Engine/Content/VREditor/TransformGizmo/SM_Sequencer_Key.uasset" 364
"../../../Engine/Content/VREditor/TransformGizmo/SM_Sequencer_Node.uasset" 365
"../../Plugins/2D/Paper2D/Content/PlaceholderTextures/DummySpriteTexture.uasset" 366
"../../Plugins/2D/Paper2D/Content/DummySprite.uasset" 367
"../../Plugins/2D/Paper2D/Content/DefaultPaperTerrainMaterial.uasset" 368
"../../Plugins/2D/Paper2D/Content/DefaultSpriteMaterial.uasset" 369
"../../Plugins/2D/Paper2D/Content/MaskedUnlitSpriteMaterial.uasset" 370
"../../Plugins/2D/Paper2D/Content/OpaqueUnlitSpriteMaterial.uasset" 371
"../../../Engine/Content/Functions/Engine_MaterialFunctions02/Utility/BreakOutFloat3Components.uasset" 372
"../../Plugins/Editor/SpeedTreeImporter/Content/SpeedTree9/UnpackInteger3.uasset" 373
"../../Plugins/Editor/SpeedTreeImporter/Content/SpeedTree9/UnpackDirection.uasset" 374
"../../Plugins/Editor/SpeedTreeImporter/Content/SpeedTree9/game_wind_noise.uasset" 375
"../../../Engine/Content/Functions/Engine_MaterialFunctions02/SafeNormalize.uasset" 376
"../../Plugins/Editor/SpeedTreeImporter/Content/SpeedTree9/SpeedTreeWindMotion.uasset" 377
"../../Plugins/Editor/SpeedTreeImporter/Content/SpeedTree9/SpeedTreeBranchMotion.uasset" 378
"../../../Engine/Content/Functions/Engine_MaterialFunctions02/ObjectLocalBounds.uasset" 379
"../../../Engine/Content/Functions/Engine_MaterialFunctions02/UVs/BoundingBoxBased_0-1_UVW.uasset" 380
"../../Plugins/Editor/SpeedTreeImporter/Content/SpeedTree9/SpeedTreeWind.uasset" 381
"../../Plugins/Editor/SpeedTreeImporter/Content/SpeedTree9/SpeedTreeBillboard.uasset" 382
"../../../Engine/Content/EngineResources/DefaultTexture.uasset" 383
"../../Plugins/Editor/SpeedTreeImporter/Content/SpeedTree9/SpeedTreeBillboardMaster.uasset" 384
"../../Plugins/Editor/SpeedTreeImporter/Content/SpeedTree9/SpeedTreeCameraFacing.uasset" 385
"../../Plugins/Editor/SpeedTreeImporter/Content/SpeedTree9/SpeedTreeMaster.uasset" 386
"../../../Engine/Content/BasicShapes/Cylinder.uasset" 387
"../../../Engine/Content/ArtTools/RenderToTexture/Materials/Debug/M_Emissive_Color.uasset" 388
"../../Plugins/Lumin/MagicLeapPassableWorld/Content/MagicLeapARPinInfoActor.uasset" 389
"../../../Engine/Content/Functions/Engine_MaterialFunctions02/Utility/BreakOutFloat4Components.uasset" 390
"../../../Engine/Content/Functions/Engine_MaterialFunctions02/Utility/MakeFloat3.uasset" 391
"../../Plugins/Runtime/Oculus/OculusVR/Content/Materials/OculusMR_ChromaKey.uasset" 392
"../../Plugins/Runtime/Oculus/OculusVR/Content/Materials/OculusMR_OpaqueColoredMaterial.uasset" 393
"../../Plugins/Runtime/Oculus/OculusVR/Content/Materials/PokeAHoleMaterial.uasset" 394
"../../../../../documents/EndlessRunnerPack/EndlessRunnerCreator/Content/EndlessRunnerCreator/CommonAssets/Blueprints/UI/WBP_GameSelect.uasset" 395
"../../../../../documents/EndlessRunnerPack/EndlessRunnerCreator/Content/EndlessRunnerCreator/CommonAssets/Blueprints/Game/BP_Save.uasset" 396
"../../../../../documents/EndlessRunnerPack/EndlessRunnerCreator/Content/EndlessRunnerCreator/CommonAssets/Textures/T_PlayerStart.uasset" 397
"../../../../../documents/EndlessRunnerPack/EndlessRunnerCreator/Content/EndlessRunnerCreator/CommonAssets/Blueprints/Game/BP_RunnerPlayerStart.uasset" 398
"../../../../../documents/EndlessRunnerPack/EndlessRunnerCreator/Content/EndlessRunnerCreator/CommonAssets/Blueprints/Game/BP_PlayerController.uasset" 399
"../../../../../documents/EndlessRunnerPack/EndlessRunnerCreator/Content/EndlessRunnerCreator/CommonAssets/Blueprints/Game/BP_GameModeBase.uasset" 400
"../../../../../documents/EndlessRunnerPack/EndlessRunnerCreator/Content/EndlessRunnerCreator/CommonAssets/Blueprints/Game/BP_GameModeMenu.uasset" 401
"../../../../../documents/EndlessRunnerPack/EndlessRunnerCreator/Content/EndlessRunnerCreator/CommonAssets/Maps/GameSelect.umap" 402
"../../../../../documents/EndlessRunnerPack/EndlessRunnerCreator/Content/EndlessRunnerCreator/SunRunner/StarSphere/Textures/Mobile/T_StarsPoints_Mobile.uasset" 403
"../../../../../documents/EndlessRunnerPack/EndlessRunnerCreator/Content/EndlessRunnerCreator/SunRunner/StarSphere/Textures/Mobile/T_StarsBig_Mobile.uasset" 404
"../../../../../documents/EndlessRunnerPack/EndlessRunnerCreator/Content/EndlessRunnerCreator/SunRunner/StarSphere/Textures/Mobile/T_Nebulas_Mobile.uasset" 405
"../../../../../documents/EndlessRunnerPack/EndlessRunnerCreator/Content/EndlessRunnerCreator/SunRunner/StarSphere/Materials/Mobile/M_StarSphere_Mobile.uasset" 406
"../../../../../documents/EndlessRunnerPack/EndlessRunnerCreator/Content/EndlessRunnerCreator/SunRunner/StarSphere/Materials/Mobile/MI_StarSphereDynamic_Mobile.uasset" 407
"../../../../../documents/EndlessRunnerPack/EndlessRunnerCreator/Content/EndlessRunnerCreator/SunRunner/Maps/SunRunner_BuiltData.uasset" 408
"../../../../../documents/EndlessRunnerPack/EndlessRunnerCreator/Content/EndlessRunnerCreator/SunRunner/StarSphere/Textures/T_StarsPoints.uasset" 409
"../../../../../documents/EndlessRunnerPack/EndlessRunnerCreator/Content/EndlessRunnerCreator/SunRunner/StarSphere/Textures/T_StarsBig.uasset" 410
"../../../../../documents/EndlessRunnerPack/EndlessRunnerCreator/Content/EndlessRunnerCreator/SunRunner/StarSphere/Textures/T_Nebulas.uasset" 411
"../../../../../documents/EndlessRunnerPack/EndlessRunnerCreator/Content/EndlessRunnerCreator/SunRunner/StarSphere/Materials/M_StarSphere.uasset" 412
"../../../../../documents/EndlessRunnerPack/EndlessRunnerCreator/Content/EndlessRunnerCreator/SunRunner/StarSphere/Materials/MI_StarSphere.uasset" 413
"../../../../../documents/EndlessRunnerPack/EndlessRunnerCreator/Content/EndlessRunnerCreator/SunRunner/StarSphere/Meshes/SM_StarSphere.uasset" 414
"../../../../../documents/EndlessRunnerPack/EndlessRunnerCreator/Content/EndlessRunnerCreator/SunRunner/StarSphere/Blueprints/BP_StarSphereDynamic.uasset" 415
"../../../../../documents/EndlessRunnerPack/EndlessRunnerCreator/Content/EndlessRunnerCreator/SunRunner/Effects/Meshes/MSH_Rock_Fragment_001.uasset" 416
"../../../../../documents/EndlessRunnerPack/EndlessRunnerCreator/Content/EndlessRunnerCreator/SunRunner/Effects/Textures/TEX_Rock_Seamless_001.uasset" 417
"../../../../../documents/EndlessRunnerPack/EndlessRunnerCreator/Content/EndlessRunnerCreator/SunRunner/Effects/Textures/TEX_Lava_Crack.uasset" 418
"../../../../../documents/EndlessRunnerPack/EndlessRunnerCreator/Content/EndlessRunnerCreator/SunRunner/Effects/Materials/MAT_Rock_Fire.uasset" 419
"../../../../../documents/EndlessRunnerPack/EndlessRunnerCreator/Content/EndlessRunnerCreator/SunRunner/Effects/Particle_Systems/VFX_Obstacle_Break.uasset" 420
"../../../../../documents/EndlessRunnerPack/EndlessRunnerCreator/Content/EndlessRunnerCreator/CommonAssets/Audio/CD_SFX_Player_RockBreak_01.uasset" 421
"../../../../../documents/EndlessRunnerPack/EndlessRunnerCreator/Content/EndlessRunnerCreator/CommonAssets/Audio/CD_SFX_Player_RockBreak_01_Cue.uasset" 422
"../../../../../documents/EndlessRunnerPack/EndlessRunnerCreator/Content/EndlessRunnerCreator/SunRunner/CometModel/CometBreak/CometMesh.uasset" 423
"../../../../../documents/EndlessRunnerPack/EndlessRunnerCreator/Content/EndlessRunnerCreator/CommonAssets/Textures/T_DogeCoin.uasset" 424
"../../../Engine/Content/Functions/Engine_MaterialFunctions02/WorldPositionOffset/ObjectPivotPoint.uasset" 425
"../../../../../documents/EndlessRunnerPack/EndlessRunnerCreator/Content/EndlessRunnerCreator/CommonAssets/Materials/M_TextureRotate.uasset" 426
"../../../../../documents/EndlessRunnerPack/EndlessRunnerCreator/Content/EndlessRunnerCreator/CommonAssets/Materials/M_TextureRotateDoge_Inst.uasset" 427
"../../../../../documents/EndlessRunnerPack/EndlessRunnerCreator/Content/EndlessRunnerCreator/CommonAssets/Meshes/SM_PickupCoin.uasset" 428
"../../Plugins/FX/Niagara/Content/Modules/Update/Forces/GravityForce.uasset" 429
"../../Plugins/FX/Niagara/Content/Functions/Math/RemapValueRange.uasset" 430
"../../Plugins/FX/Niagara/Content/Functions/PolarToCartesianCoordinates.uasset" 431
"../../Plugins/FX/Niagara/Content/Functions/RandomVectorInCone.uasset" 432
"../../Plugins/FX/Niagara/Content/Modules/Spawn/Velocity/AddVelocityInCone.uasset" 433
"../../Plugins/FX/Niagara/Content/Modules/Spawn/Orientation/V2/InitialMeshOrientation.uasset" 434
"../../../../../documents/EndlessRunnerPack/EndlessRunnerCreator/Content/EndlessRunnerCreator/CommonAssets/Materials/M_TextureParticle_Inst.uasset" 435
"../../Plugins/FX/Niagara/Content/Enums/ENiagaraMassByVolume.uasset" 436
"../../Plugins/FX/Niagara/Content/Modules/Update/Mass/CalculateSizeAndRotationalInertiaByMass.uasset" 437
"../../Plugins/FX/Niagara/Content/Modules/Spawn/Initialization/InitializeParticle.uasset" 438
"../../Plugins/FX/Niagara/Content/DynamicInputs/UniformRange/UniformRangedVector.uasset" 439
"../../Plugins/FX/Niagara/Content/DynamicInputs/UniformRange/UniformRangedFloat.uasset" 440
"../../Plugins/FX/Niagara/Content/DynamicInputs/TypeConversions/VectorFromFloat.uasset" 441
"../../../../../documents/EndlessRunnerPack/EndlessRunnerCreator/Content/EndlessRunnerCreator/CommonAssets/Effects/NE_Pickup.uasset" 442
"../../../../../documents/EndlessRunnerPack/EndlessRunnerCreator/Content/EndlessRunnerCreator/CommonAssets/Materials/M_TextureRotate_Inst.uasset" 443
"../../../../../documents/EndlessRunnerPack/EndlessRunnerCreator/Content/EndlessRunnerCreator/CommonAssets/Meshes/SM_PickupHeart.uasset" 444
"../../../../../documents/EndlessRunnerPack/EndlessRunnerCreator/Content/EndlessRunnerCreator/CommonAssets/Effects/NS_PickupLife.uasset" 445
"../../../../../documents/EndlessRunnerPack/EndlessRunnerCreator/Content/EndlessRunnerCreator/CommonAssets/Effects/NS_PickupCurrency.uasset" 446
"../../../../../documents/EndlessRunnerPack/EndlessRunnerCreator/Content/EndlessRunnerCreator/CommonAssets/Audio/Pickup_Audio.uasset" 447
"../../../../../documents/EndlessRunnerPack/EndlessRunnerCreator/Content/EndlessRunnerCreator/CommonAssets/Blueprints/CameraShake/BP_CameraShakePickup.uasset" 448
"../../../../../documents/EndlessRunnerPack/EndlessRunnerCreator/Content/EndlessRunnerCreator/CommonAssets/Blueprints/Spawning/Pickups/BP_SpawnablePickupBase.uasset" 449
"../../../../../documents/EndlessRunnerPack/EndlessRunnerCreator/Content/EndlessRunnerCreator/CommonAssets/Blueprints/Spawning/Pickups/BP_SpawnablePickUpMeteor.uasset" 450
"../../../../../documents/EndlessRunnerPack/EndlessRunnerCreator/Content/EndlessRunnerCreator/CommonAssets/Meshes/SM_PickupMagnet.uasset" 451
"../../../../../documents/EndlessRunnerPack/EndlessRunnerCreator/Content/EndlessRunnerCreator/CommonAssets/Effects/NS_PickupMagnet.uasset" 452
"../../../../../documents/EndlessRunnerPack/EndlessRunnerCreator/Content/EndlessRunnerCreator/CommonAssets/Blueprints/Spawning/Pickups/BP_SpawnablePickupMagnet.uasset" 453
"../../../../../documents/EndlessRunnerPack/EndlessRunnerCreator/Content/EndlessRunnerCreator/CommonAssets/Materials/M_FlatColourRed.uasset" 454
"../../../../../documents/EndlessRunnerPack/EndlessRunnerCreator/Content/EndlessRunnerCreator/SunRunner/MobileStarterContent/Shapes/Shape_Cone.uasset" 455
"../../../../../documents/EndlessRunnerPack/EndlessRunnerCreator/Content/EndlessRunnerCreator/SunRunner/HomingProjectile/Shape_Cone.uasset" 456
"../../Plugins/FX/Niagara/Content/DynamicInputs/UniformRange/V2/RandomRangeInt.uasset" 457
"../../../../../documents/EndlessRunnerPack/EndlessRunnerCreator/Content/EndlessRunnerCreator/SunRunner/Effects/Materials/MAT_Cone_Explosion.uasset" 458
"../../../../../documents/EndlessRunnerPack/EndlessRunnerCreator/Content/EndlessRunnerCreator/SunRunner/Effects/Particle_Systems/VFX_Cone_Explosion.uasset" 459
"../../../../../documents/EndlessRunnerPack/EndlessRunnerCreator/Content/EndlessRunnerCreator/CommonAssets/Audio/Impact_Audio.uasset" 460
"../../../../../documents/EndlessRunnerPack/EndlessRunnerCreator/Content/EndlessRunnerCreator/CommonAssets/Audio/Impact_Cue_Audio.uasset" 461
"../../../../../documents/EndlessRunnerPack/EndlessRunnerCreator/Content/EndlessRunnerCreator/SunRunner/Blueprints/BP_SpawnableObstacleSunRunner.uasset" 462
"../../../../../documents/EndlessRunnerPack/EndlessRunnerCreator/Content/EndlessRunnerCreator/SunRunner/Meshes/Ship/TEX_BaddieShip_Normal_1.uasset" 463
"../../../../../documents/EndlessRunnerPack/EndlessRunnerCreator/Content/EndlessRunnerCreator/SunRunner/Meshes/Ship/TEX_BaddieShip_EmmsiveMask.uasset" 464
"../../../../../documents/EndlessRunnerPack/EndlessRunnerCreator/Content/EndlessRunnerCreator/SunRunner/Meshes/Ship/TEX_BaddieShip_Emissive_1_White.uasset" 465
"../../../../../documents/EndlessRunnerPack/EndlessRunnerCreator/Content/EndlessRunnerCreator/SunRunner/Meshes/Ship/TEX_BaddieShip_baseColor_1.uasset" 466
"../../../../../documents/EndlessRunnerPack/EndlessRunnerCreator/Content/EndlessRunnerCreator/SunRunner/Meshes/Ship/TEX_BaddieShip_AoRM_1.uasset" 467
"../../../../../documents/EndlessRunnerPack/EndlessRunnerCreator/Content/EndlessRunnerCreator/SunRunner/Meshes/Ship/texture.uasset" 468
"../../../../../documents/EndlessRunnerPack/EndlessRunnerCreator/Content/EndlessRunnerCreator/SunRunner/Meshes/Ship/MSH_BaddieSpaceShip_v2.uasset" 469
"../../../../../documents/EndlessRunnerPack/EndlessRunnerCreator/Content/EndlessRunnerCreator/CommonAssets/Blueprints/UI/UI_Ship_Size_Needed.uasset" 470
"../../Plugins/FX/Niagara/Content/Enums/ENiagara_SubUVLookupMode.uasset" 471
"../../Plugins/FX/Niagara/Content/Functions/RandomRangeInteger.uasset" 472
"../../Plugins/FX/Niagara/Content/Modules/Update/SubUV/V2/SubUVAnimation.uasset" 473
"../../../../../documents/EndlessRunnerPack/EndlessRunnerCreator/Content/EndlessRunnerCreator/SunRunner/Effects/Meshes/MSH_Rocket_Trail__Twist_001.uasset" 474
"../../../../../documents/EndlessRunnerPack/EndlessRunnerCreator/Content/EndlessRunnerCreator/SunRunner/Effects/Meshes/MSH_Rocket_Trail_001.uasset" 475
"../../../../../documents/EndlessRunnerPack/EndlessRunnerCreator/Content/EndlessRunnerCreator/SunRunner/Effects/Textures/TEX_Noise_Fractal_002.uasset" 476
"../../../../../documents/EndlessRunnerPack/EndlessRunnerCreator/Content/EndlessRunnerCreator/SunRunner/Effects/Materials/MAT_Rocket_Trail_Twist.uasset" 477
"../../Plugins/FX/Niagara/Content/Modules/Update/Forces/V2/PointAttractionForce.uasset" 478
"../../../../../documents/EndlessRunnerPack/EndlessRunnerCreator/Content/EndlessRunnerCreator/SunRunner/Effects/Textures/TEX_Flame_8x4_001.uasset" 479
"../../../../../documents/EndlessRunnerPack/EndlessRunnerCreator/Content/EndlessRunnerCreator/SunRunner/Effects/Materials/MAT_Fire_Sheet_001.uasset" 480
"../../../../../documents/EndlessRunnerPack/EndlessRunnerCreator/Content/EndlessRunnerCreator/SunRunner/MobileStarterContent/Textures/T_Perlin_Noise_M.uasset" 481
"../../../../../documents/EndlessRunnerPack/EndlessRunnerCreator/Content/EndlessRunnerCreator/SunRunner/Effects/Materials/MAT_Dash_Cap_001.uasset" 482
"../../../../../documents/EndlessRunnerPack/EndlessRunnerCreator/Content/EndlessRunnerCreator/SunRunner/Effects/Particle_Systems/VFX_Rocket_Trail.uasset" 483
"../../../../../documents/EndlessRunnerPack/EndlessRunnerCreator/Content/EndlessRunnerCreator/SunRunner/Effects/Particle_Systems/VFX_Rocket_Explosion.uasset" 484
"../../../../../documents/EndlessRunnerPack/EndlessRunnerCreator/Content/EndlessRunnerCreator/SunRunner/HomingProjectile/ModelAndTextures/MissileExport_Rocket_OcclusionRoughnessMetallic.uasset" 485
"../../../../../documents/EndlessRunnerPack/EndlessRunnerCreator/Content/EndlessRunnerCreator/SunRunner/HomingProjectile/ModelAndTextures/MissileExport_Rocket_Normal.uasset" 486
"../../../../../documents/EndlessRunnerPack/EndlessRunnerCreator/Content/EndlessRunnerCreator/SunRunner/HomingProjectile/ModelAndTextures/MissileExport_Rocket_BaseColor.uasset" 487
"../../../../../documents/EndlessRunnerPack/EndlessRunnerCreator/Content/EndlessRunnerCreator/SunRunner/HomingProjectile/ModelAndTextures/Material_006.uasset" 488
"../../../../../documents/EndlessRunnerPack/EndlessRunnerCreator/Content/EndlessRunnerCreator/SunRunner/HomingProjectile/ModelAndTextures/Material_005.uasset" 489
"../../../../../documents/EndlessRunnerPack/EndlessRunnerCreator/Content/EndlessRunnerCreator/SunRunner/HomingProjectile/ModelAndTextures/Material_003.uasset" 490
"../../../../../documents/EndlessRunnerPack/EndlessRunnerCreator/Content/EndlessRunnerCreator/SunRunner/HomingProjectile/ModelAndTextures/MissileExport.uasset" 491
"../../../../../documents/EndlessRunnerPack/EndlessRunnerCreator/Content/EndlessRunnerCreator/CommonAssets/Audio/CD_SFX_Player_RocketHit_01.uasset" 492
"../../../../../documents/EndlessRunnerPack/EndlessRunnerCreator/Content/EndlessRunnerCreator/CommonAssets/Audio/CD_SFX_Missile_Launch_02.uasset" 493
"../../../../../documents/EndlessRunnerPack/EndlessRunnerCreator/Content/EndlessRunnerCreator/CommonAssets/Audio/CD_SFX_Missile_Launch_01.uasset" 494
"../../../../../documents/EndlessRunnerPack/EndlessRunnerCreator/Content/EndlessRunnerCreator/CommonAssets/Audio/CD_SFX_Missile_Launch_Cue.uasset" 495
"../../../../../documents/EndlessRunnerPack/EndlessRunnerCreator/Content/EndlessRunnerCreator/CommonAssets/Audio/CD_SFX_Missile_Flight_Loopable_01.uasset" 496
"../../../../../documents/EndlessRunnerPack/EndlessRunnerCreator/Content/EndlessRunnerCreator/CommonAssets/Blueprints/Spawning/BP_SpawnableObstacleBase.uasset" 497
"../../../../../documents/EndlessRunnerPack/EndlessRunnerCreator/Content/EndlessRunnerCreator/SunRunner/HomingProjectile/EndlessHomingMissile.uasset" 498
"../../../../../documents/EndlessRunnerPack/EndlessRunnerCreator/Content/EndlessRunnerCreator/CommonAssets/Audio/Ambience/CD_Ambience_PlanetExplosion_02.uasset" 499
"../../../../../documents/EndlessRunnerPack/EndlessRunnerCreator/Content/EndlessRunnerCreator/CommonAssets/Blueprints/Spawning/Obstacles/BP_SpawnableBoss.uasset" 500
"../../../../../documents/EndlessRunnerPack/EndlessRunnerCreator/Content/EndlessRunnerCreator/CommonAssets/Blueprints/UI/WBP_RespawnTimer.uasset" 501
"../../../../../documents/EndlessRunnerPack/EndlessRunnerCreator/Content/EndlessRunnerCreator/CommonAssets/Blueprints/UI/WBP_GameOver.uasset" 502
"../../../../../documents/EndlessRunnerPack/EndlessRunnerCreator/Content/EndlessRunnerCreator/CommonAssets/Blueprints/CameraShake/BP_CameraShakeZoom.uasset" 503
"../../../../../documents/EndlessRunnerPack/EndlessRunnerCreator/Content/EndlessRunnerCreator/CommonAssets/Blueprints/Game/BP_GameModeGame.uasset" 504
"../../../../../documents/EndlessRunnerPack/EndlessRunnerCreator/Content/EndlessRunnerCreator/SunRunner/Blueprints/BP_GameModeSunRunner.uasset" 505
"../../../../../documents/EndlessRunnerPack/EndlessRunnerCreator/Content/EndlessRunnerCreator/SunRunner/Maps/SunRunner.umap" 506
"../../../Engine/Content/Maps/Entry_BuiltData.uasset" 507
"../../../Engine/Content/Maps/Entry.umap" 508
